<?xml version="1.0" encoding="UTF-8"?>
<!-- Generated by org.testng.reporters.JUnitReportReporter -->
<testsuite skipped="0" hostname="SudheerChowdary" name="com.actitime.qa.LoginPage2Test" tests="2" failures="0" timestamp="26 Jan 2019 06:33:52 GMT" time="18.020" errors="0">
  <testcase name="verifyTitleTest" time="7.873" classname="com.actitime.qa.LoginPage2Test"/>
  <testcase name="loginTest" time="10.147" classname="com.actitime.qa.LoginPage2Test"/>
</testsuite> <!-- com.actitime.qa.LoginPage2Test -->
