<?xml version="1.0" encoding="UTF-8"?>
<!-- Generated by org.testng.reporters.JUnitReportReporter -->
<testsuite skipped="0" hostname="SudheerChowdary" name="com.actitime.qa.pages.App" tests="1" failures="0" timestamp="24 Jan 2019 01:22:26 GMT" time="0.034" errors="0">
  <testcase name="test" time="0.034" classname="com.actitime.qa.pages.App"/>
</testsuite> <!-- com.actitime.qa.pages.App -->
