<?xml version="1.0" encoding="UTF-8"?>
<!-- Generated by org.testng.reporters.JUnitReportReporter -->
<testsuite skipped="0" hostname="SudheerChowdary" name="Actitime.com.actitime.qa.LoginPageTest" tests="2" failures="0" timestamp="24 Jan 2019 02:45:21 GMT" time="18.944" errors="0">
  <testcase name="verifyTitleTest" time="9.004" classname="Actitime.com.actitime.qa.LoginPageTest"/>
  <testcase name="loginTest" time="9.940" classname="Actitime.com.actitime.qa.LoginPageTest"/>
</testsuite> <!-- Actitime.com.actitime.qa.LoginPageTest -->
