<?xml version="1.0" encoding="UTF-8"?>
<!-- Generated by org.testng.reporters.JUnitReportReporter -->
<testsuite skipped="0" hostname="SudheerChowdary" name="com.actitime.qa.LoginPageTest" tests="2" failures="0" timestamp="10 Feb 2019 04:17:13 GMT" time="18.775" errors="0">
  <testcase name="verifyTitleTest" time="9.999" classname="com.actitime.qa.LoginPageTest"/>
  <testcase name="loginTest" time="8.776" classname="com.actitime.qa.LoginPageTest"/>
</testsuite> <!-- com.actitime.qa.LoginPageTest -->
