<?xml version="1.0" encoding="UTF-8"?>
<!-- Generated by org.testng.reporters.JUnitReportReporter -->
<testsuite skipped="0" hostname="SudheerChowdary" name="com.actitime.qa.LoginPageTest" tests="2" failures="0" timestamp="10 Feb 2019 03:43:33 GMT" time="14.446" errors="0">
  <testcase name="verifyTitleTest" time="6.172" classname="com.actitime.qa.LoginPageTest"/>
  <testcase name="loginTest" time="8.274" classname="com.actitime.qa.LoginPageTest"/>
</testsuite> <!-- com.actitime.qa.LoginPageTest -->
