<?xml version="1.0" encoding="UTF-8"?>
<!-- Generated by org.testng.reporters.JUnitReportReporter -->
<testsuite skipped="0" hostname="SudheerChowdary" name="com.actitime.qa.LoginPage2Test" tests="2" failures="0" timestamp="10 Feb 2019 03:43:33 GMT" time="22.562" errors="0">
  <testcase name="verifyTitleTest" time="14.356" classname="com.actitime.qa.LoginPage2Test"/>
  <testcase name="loginTest" time="8.206" classname="com.actitime.qa.LoginPage2Test"/>
</testsuite> <!-- com.actitime.qa.LoginPage2Test -->
